# JRE version: Java(TM) SE Runtime Environment (19.0.1+10) (build 19.0.1+10-21)
# Java VM: Java HotSpot(TM) 64-Bit Server VM (19.0.1+10-21, mixed mode, sharing, tiered, compressed oops, compressed class ptrs, g1 gc, windows-amd64)
GC Precious Log:
 CardTable entry size: 512
 Card Set container configuration: InlinePtr #cards 5 size 8 Array Of Cards #cards 12 size 40 Howl #buckets 4 coarsen threshold 1843 Howl Bitmap #cards 512 size 80 coarsen threshold 460 Card regions per heap region 1 cards per card region 2048
 CPUs: 8 total, 8 available
 Memory: 8052M
 Large Page Support: Disabled
 NUMA Support: Disabled
 Compressed Oops: Enabled (32-bit)
 Heap Region Size: 1M
 Heap Min Capacity: 8M
 Heap Initial Capacity: 126M
 Heap Max Capacity: 1G
 Pre-touch: Disabled
 Parallel Workers: 8
 Concurrent Workers: 2
 Concurrent Refinement Workers: 8
 Periodic GC: Disabled
Heap:
 garbage-first heap   total 20480K, used 5488K [0x00000000c0000000, 0x0000000100000000)
  region size 1024K, 1 young (1024K), 0 survivors (0K)
 Metaspace       used 2352K, committed 2496K, reserved 1114112K
  class space    used 181K, committed 256K, reserved 1048576K
GC Heap History (20 events):
Event: 39.701 GC heap before
{Heap before GC invocations=14 (full 10):
 garbage-first heap   total 20480K, used 5488K [0x00000000c0000000, 0x0000000100000000)
  region size 1024K, 1 young (1024K), 0 survivors (0K)
 Metaspace       used 2332K, committed 2496K, reserved 1114112K
  class space    used 181K, committed 256K, reserved 1048576K
}
Event: 39.776 GC heap after
{Heap after GC invocations=15 (full 11):
 garbage-first heap   total 20480K, used 5488K [0x00000000c0000000, 0x0000000100000000)
  region size 1024K, 0 young (0K), 0 survivors (0K)
 Metaspace       used 2332K, committed 2496K, reserved 1114112K
  class space    used 181K, committed 256K, reserved 1048576K
}
Event: 40.265 GC heap before
{Heap before GC invocations=15 (full 11):
 garbage-first heap   total 20480K, used 5488K [0x00000000c0000000, 0x0000000100000000)
  region size 1024K, 1 young (1024K), 0 survivors (0K)
 Metaspace       used 2332K, committed 2496K, reserved 1114112K
  class space    used 181K, committed 256K, reserved 1048576K
}
Event: 40.273 GC heap after
{Heap after GC invocations=16 (full 12):
 garbage-first heap   total 20480K, used 5488K [0x00000000c0000000, 0x0000000100000000)
  region size 1024K, 0 young (0K), 0 survivors (0K)
 Metaspace       used 2332K, committed 2496K, reserved 1114112K
  class space    used 181K, committed 256K, reserved 1048576K
}
Event: 319.559 GC heap before
{Heap before GC invocations=16 (full 12):
 garbage-first heap   total 20480K, used 5488K [0x00000000c0000000, 0x0000000100000000)
  region size 1024K, 1 young (1024K), 0 survivors (0K)
 Metaspace       used 2352K, committed 2496K, reserved 1114112K
  class space    used 181K, committed 256K, reserved 1048576K
}
Event: 319.567 GC heap after
{Heap after GC invocations=17 (full 13):
 garbage-first heap   total 20480K, used 5488K [0x00000000c0000000, 0x0000000100000000)
  region size 1024K, 0 young (0K), 0 survivors (0K)
 Metaspace       used 2352K, committed 2496K, reserved 1114112K
  class space    used 181K, committed 256K, reserved 1048576K
}
Event: 319.685 GC heap before
{Heap before GC invocations=17 (full 13):
 garbage-first heap   total 20480K, used 5488K [0x00000000c0000000, 0x0000000100000000)
  region size 1024K, 1 young (1024K), 0 survivors (0K)
 Metaspace       used 2352K, committed 2496K, reserved 1114112K
  class space    used 181K, committed 256K, reserved 1048576K
}
Event: 319.691 GC heap after
{Heap after GC invocations=18 (full 14):
 garbage-first heap   total 20480K, used 5488K [0x00000000c0000000, 0x0000000100000000)
  region size 1024K, 0 young (0K), 0 survivors (0K)
 Metaspace       used 2352K, committed 2496K, reserved 1114112K
  class space    used 181K, committed 256K, reserved 1048576K
}
Event: 330.406 GC heap before
{Heap before GC invocations=18 (full 14):
 garbage-first heap   total 20480K, used 5488K [0x00000000c0000000, 0x0000000100000000)
  region size 1024K, 1 young (1024K), 0 survivors (0K)
 Metaspace       used 2352K, committed 2496K, reserved 1114112K
  class space    used 181K, committed 256K, reserved 1048576K
}
Event: 330.457 GC heap after
{Heap after GC invocations=19 (full 15):
 garbage-first heap   total 20480K, used 5488K [0x00000000c0000000, 0x0000000100000000)
  region size 1024K, 0 young (0K), 0 survivors (0K)
 Metaspace       used 2352K, committed 2496K, reserved 1114112K
  class space    used 181K, committed 256K, reserved 1048576K
}
Event: 335.522 GC heap before
{Heap before GC invocations=19 (full 15):
 garbage-first heap   total 20480K, used 5488K [0x00000000c0000000, 0x0000000100000000)
  region size 1024K, 1 young (1024K), 0 survivors (0K)
 Metaspace       used 2352K, committed 2496K, reserved 1114112K
  class space    used 181K, committed 256K, reserved 1048576K
}
Event: 335.530 GC heap after
{Heap after GC invocations=20 (full 16):
 garbage-first heap   total 20480K, used 5488K [0x00000000c0000000, 0x0000000100000000)
  region size 1024K, 0 young (0K), 0 survivors (0K)
 Metaspace       used 2352K, committed 2496K, reserved 1114112K
  class space    used 181K, committed 256K, reserved 1048576K
}
Event: 335.643 GC heap before
{Heap before GC invocations=20 (full 16):
 garbage-first heap   total 20480K, used 5488K [0x00000000c0000000, 0x0000000100000000)
  region size 1024K, 1 young (1024K), 0 survivors (0K)
 Metaspace       used 2352K, committed 2496K, reserved 1114112K
  class space    used 181K, committed 256K, reserved 1048576K
}
Event: 335.652 GC heap after
{Heap after GC invocations=21 (full 17):
 garbage-first heap   total 20480K, used 5488K [0x00000000c0000000, 0x0000000100000000)
  region size 1024K, 0 young (0K), 0 survivors (0K)
 Metaspace       used 2352K, committed 2496K, reserved 1114112K
  class space    used 181K, committed 256K, reserved 1048576K
}
Event: 335.723 GC heap before
{Heap before GC invocations=21 (full 17):
 garbage-first heap   total 20480K, used 5488K [0x00000000c0000000, 0x0000000100000000)
  region size 1024K, 1 young (1024K), 0 survivors (0K)
 Metaspace       used 2352K, committed 2496K, reserved 1114112K
  class space    used 181K, committed 256K, reserved 1048576K
}
Event: 335.730 GC heap after
{Heap after GC invocations=22 (full 18):
 garbage-first heap   total 20480K, used 5488K [0x00000000c0000000, 0x0000000100000000)
  region size 1024K, 0 young (0K), 0 survivors (0K)
 Metaspace       used 2352K, committed 2496K, reserved 1114112K
  class space    used 181K, committed 256K, reserved 1048576K
}
Event: 336.692 GC heap before
{Heap before GC invocations=22 (full 18):
 garbage-first heap   total 20480K, used 5488K [0x00000000c0000000, 0x0000000100000000)
  region size 1024K, 1 young (1024K), 0 survivors (0K)
 Metaspace       used 2352K, committed 2496K, reserved 1114112K
  class space    used 181K, committed 256K, reserved 1048576K
}
Event: 336.703 GC heap after
{Heap after GC invocations=23 (full 19):
 garbage-first heap   total 20480K, used 5488K [0x00000000c0000000, 0x0000000100000000)
  region size 1024K, 0 young (0K), 0 survivors (0K)
 Metaspace       used 2352K, committed 2496K, reserved 1114112K
  class space    used 181K, committed 256K, reserved 1048576K
}
Event: 446.713 GC heap before
{Heap before GC invocations=23 (full 19):
 garbage-first heap   total 20480K, used 5488K [0x00000000c0000000, 0x0000000100000000)
  region size 1024K, 1 young (1024K), 0 survivors (0K)
 Metaspace       used 2352K, committed 2496K, reserved 1114112K
  class space    used 181K, committed 256K, reserved 1048576K
}
Event: 446.723 GC heap after
{Heap after GC invocations=24 (full 20):
 garbage-first heap   total 20480K, used 5488K [0x00000000c0000000, 0x0000000100000000)
  region size 1024K, 0 young (0K), 0 survivors (0K)
 Metaspace       used 2352K, committed 2496K, reserved 1114112K
  class space    used 181K, committed 256K, reserved 1048576K
}

